[    0.000000] Initializing cgroup subsys cpuset
[    0.000000] Initializing cgroup subsys cpu
[    0.000000] Initializing cgroup subsys cpuacct
[    0.000000] Linux version 4.4.0-197-generic (buildd@lgw01-amd64-040) (gcc version 5.4.0 20160609 (Ubuntu 5.4.0-6ubuntu1~16.04.12) ) #229-Ubuntu SMP Wed Nov 25 11:10:09 UTC 2020 (Ubuntu 4.4.0-197.229-generic 4.4.241)
[    0.000000] KERNEL supported cpus:
[    0.000000]   Intel GenuineIntel
[    0.000000]   AMD AuthenticAMD
[    0.000000]   NSC Geode by NSC
[    0.000000]   Cyrix CyrixInstead
[    0.000000]   Centaur CentaurHauls
[    0.000000]   Transmeta GenuineTMx86
[    0.000000]   Transmeta TransmetaCPU
[    0.000000]   UMC UMC UMC UMC
[    0.000000] x86/fpu: xstate_offset[2]:  576, xstate_sizes[2]:  256
[    0.000000] x86/fpu: Supporting XSAVE feature 0x01: 'x87 floating point registers'
[    0.000000] x86/fpu: Supporting XSAVE feature 0x02: 'SSE registers'
[    0.000000] x86/fpu: Supporting XSAVE feature 0x04: 'AVX registers'
[    0.000000] x86/fpu: Enabled xstate features 0x7, context size is 832 bytes, using 'standard' format.
[    0.000000] e820: BIOS-provided physical RAM map:
[    0.000000] BIOS-e820: [mem 0x0000000000000000-0x000000000009fbff] usable
[    0.000000] BIOS-e820: [mem 0x000000000009fc00-0x000000000009ffff] reserved
[    0.000000] BIOS-e820: [mem 0x00000000000f0000-0x00000000000fffff] reserved
[    0.000000] BIOS-e820: [mem 0x0000000000100000-0x000000003ffeffff] usable
[    0.000000] BIOS-e820: [mem 0x000000003fff0000-0x000000003fffffff] ACPI data
[    0.000000] BIOS-e820: [mem 0x00000000fec00000-0x00000000fec00fff] reserved
[    0.000000] BIOS-e820: [mem 0x00000000fee00000-0x00000000fee00fff] reserved
[    0.000000] BIOS-e820: [mem 0x00000000fffc0000-0x00000000ffffffff] reserved
[    0.000000] NX (Execute Disable) protection: active
[    0.000000] SMBIOS 2.5 present.
[    0.000000] Hypervisor detected: KVM
[    0.000000] e820: last_pfn = 0x3fff0 max_arch_pfn = 0x1000000
[    0.000000] MTRR: Disabled
[    0.000000] x86/PAT: MTRRs disabled, skipping PAT initialization too.
[    0.000000] CPU MTRRs all blank - virtualized system.
[    0.000000] x86/PAT: Configuration [0-7]: WB  WT  UC- UC  WB  WT  UC- UC  
[    0.000000] found SMP MP-table at [mem 0x0009fff0-0x0009ffff] mapped at [c009fff0]
[    0.000000] Scanning 1 areas for low memory corruption
[    0.000000] RAMDISK: [mem 0x363a6000-0x371cafff]
[    0.000000] ACPI: Early table checksum verification disabled
[    0.000000] ACPI: RSDP 0x00000000000E0000 000024 (v02 VBOX  )
[    0.000000] ACPI: XSDT 0x000000003FFF0030 00003C (v01 VBOX   VBOXXSDT 00000001 ASL  00000061)
[    0.000000] ACPI: FACP 0x000000003FFF00F0 0000F4 (v04 VBOX   VBOXFACP 00000001 ASL  00000061)
[    0.000000] ACPI: DSDT 0x000000003FFF0470 002325 (v02 VBOX   VBOXBIOS 00000002 INTL 20190509)
[    0.000000] ACPI: FACS 0x000000003FFF0200 000040
[    0.000000] ACPI: FACS 0x000000003FFF0200 000040
[    0.000000] ACPI: APIC 0x000000003FFF0240 00005C (v02 VBOX   VBOXAPIC 00000001 ASL  00000061)
[    0.000000] ACPI: SSDT 0x000000003FFF02A0 0001CC (v01 VBOX   VBOXCPUT 00000002 INTL 20190509)
[    0.000000] 131MB HIGHMEM available.
[    0.000000] 891MB LOWMEM available.
[    0.000000]   mapped low ram: 0 - 37bfe000
[    0.000000]   low ram: 0 - 37bfe000
[    0.000000] kvm-clock: Using msrs 4b564d01 and 4b564d00
[    0.000000] kvm-clock: cpu 0, msr 0:37bfd001, primary cpu clock
[    0.000000] kvm-clock: using sched offset of 3317943301 cycles
[    0.000000] clocksource: kvm-clock: mask: 0xffffffffffffffff max_cycles: 0x1cd42e4dffb, max_idle_ns: 881590591483 ns
[    0.000000] Zone ranges:
[    0.000000]   DMA      [mem 0x0000000000001000-0x0000000000ffffff]
[    0.000000]   Normal   [mem 0x0000000001000000-0x0000000037bfdfff]
[    0.000000]   HighMem  [mem 0x0000000037bfe000-0x000000003ffeffff]
[    0.000000] Movable zone start for each node
[    0.000000] Early memory node ranges
[    0.000000]   node   0: [mem 0x0000000000001000-0x000000000009efff]
[    0.000000]   node   0: [mem 0x0000000000100000-0x000000003ffeffff]
[    0.000000] Initmem setup node 0 [mem 0x0000000000001000-0x000000003ffeffff]
[    0.000000] Using APIC driver default
[    0.000000] ACPI: PM-Timer IO Port: 0x4008
[    0.000000] IOAPIC[0]: apic_id 2, version 32, address 0xfec00000, GSI 0-23
[    0.000000] ACPI: INT_SRC_OVR (bus 0 bus_irq 0 global_irq 2 dfl dfl)
[    0.000000] ACPI: INT_SRC_OVR (bus 0 bus_irq 9 global_irq 9 low level)
[    0.000000] Using ACPI (MADT) for SMP configuration information
[    0.000000] smpboot: Allowing 2 CPUs, 0 hotplug CPUs
[    0.000000] PM: Registered nosave memory: [mem 0x00000000-0x00000fff]
[    0.000000] PM: Registered nosave memory: [mem 0x0009f000-0x0009ffff]
[    0.000000] PM: Registered nosave memory: [mem 0x000a0000-0x000effff]
[    0.000000] PM: Registered nosave memory: [mem 0x000f0000-0x000fffff]
[    0.000000] e820: [mem 0x40000000-0xfebfffff] available for PCI devices
[    0.000000] Booting paravirtualized kernel on KVM
[    0.000000] clocksource: refined-jiffies: mask: 0xffffffff max_cycles: 0xffffffff, max_idle_ns: 7645519600211568 ns
[    0.000000] setup_percpu: NR_CPUS:8 nr_cpumask_bits:8 nr_cpu_ids:2 nr_node_ids:1
[    0.000000] PERCPU: Embedded 18 pages/cpu @f6382000 s43276 r0 d30452 u73728
[    0.000000] Built 1 zonelists in Zone order, mobility grouping on.  Total pages: 259800
[    0.000000] Kernel command line: BOOT_IMAGE=/boot/vmlinuz-4.4.0-197-generic root=LABEL=cloudimg-rootfs ro console=tty1 console=ttyS0
[    0.000000] PID hash table entries: 4096 (order: 2, 16384 bytes)
[    0.000000] Dentry cache hash table entries: 131072 (order: 7, 524288 bytes)
[    0.000000] Inode-cache hash table entries: 65536 (order: 6, 262144 bytes)
[    0.000000] Initializing CPU#0
[    0.000000] Initializing HighMem for node 0 (00037bfe:0003fff0)
[    0.000000] Initializing Movable for node 0 (00000000:00000000)
[    0.000000] Memory: 1008208K/1048120K available (8147K kernel code, 801K rwdata, 3204K rodata, 940K init, 788K bss, 39912K reserved, 0K cma-reserved, 135112K highmem)
[    0.000000] virtual kernel memory layout:
[    0.000000]     fixmap  : 0xfff15000 - 0xfffff000   ( 936 kB)
[    0.000000]     pkmap   : 0xffc00000 - 0xffe00000   (2048 kB)
[    0.000000]     vmalloc : 0xf83fe000 - 0xffbfe000   ( 120 MB)
[    0.000000]     lowmem  : 0xc0000000 - 0xf7bfe000   ( 891 MB)
[    0.000000]       .init : 0xc1be2000 - 0xc1ccd000   ( 940 kB)
[    0.000000]       .data : 0xc17f50f8 - 0xc1be0540   (4013 kB)
[    0.000000]       .text : 0xc1000000 - 0xc17f50f8   (8148 kB)
[    0.000000] Checking if this processor honours the WP bit even in supervisor mode...Ok.
[    0.000000] SLUB: HWalign=64, Order=0-3, MinObjects=0, CPUs=2, Nodes=1
[    0.000000] Hierarchical RCU implementation.
[    0.000000] 	Build-time adjustment of leaf fanout to 32.
[    0.000000] 	RCU restricting CPUs from NR_CPUS=8 to nr_cpu_ids=2.
[    0.000000] RCU: Adjusting geometry for rcu_fanout_leaf=32, nr_cpu_ids=2
[    0.000000] NR_IRQS:2304 nr_irqs:440 16
[    0.000000] Console: colour VGA+ 80x25
[    0.000000] console [tty1] enabled
[    0.000000] console [ttyS0] enabled
[    0.000000] allocated 1048576 bytes of page_ext
[    0.000000] tsc: Detected 2593.914 MHz processor
[    0.307591] Calibrating delay loop (skipped) preset value.. 5187.82 BogoMIPS (lpj=10375656)
[    0.310864] pid_max: default: 32768 minimum: 301
[    0.312530] ACPI: Core revision 20150930
[    0.315575] ACPI: 2 ACPI AML tables successfully acquired and loaded
[    0.318022] Security Framework initialized
[    0.319599] Yama: becoming mindful.
[    0.320904] AppArmor: AppArmor initialized
[    0.322629] Mount-cache hash table entries: 2048 (order: 1, 8192 bytes)
[    0.324977] Mountpoint-cache hash table entries: 2048 (order: 1, 8192 bytes)
[    0.327691] Initializing cgroup subsys io
[    0.329318] Initializing cgroup subsys memory
[    0.331085] Initializing cgroup subsys devices
[    0.332790] Initializing cgroup subsys freezer
[    0.334516] Initializing cgroup subsys net_cls
[    0.336298] Initializing cgroup subsys perf_event
[    0.337905] Initializing cgroup subsys net_prio
[    0.339690] Initializing cgroup subsys hugetlb
[    0.340872] Initializing cgroup subsys pids
[    0.355754] mce: CPU supports 0 MCE banks
[    0.357350] Last level iTLB entries: 4KB 1024, 2MB 1024, 4MB 1024
[    0.359540] Last level dTLB entries: 4KB 1024, 2MB 1024, 4MB 1024, 1GB 4
[    0.361845] Spectre V1 : Mitigation: usercopy/swapgs barriers and __user pointer sanitization
[    0.364976] Spectre V2 : Mitigation: Full generic retpoline
[    0.367037] Spectre V2 : Spectre v2 / SpectreRSB mitigation: Filling RSB on context switch
[    0.370056] Speculative Store Bypass: Vulnerable
[    0.371782] SRBDS: Unknown: Dependent on hypervisor status
[    0.374032] MDS: Mitigation: Clear CPU buffers
[    0.380551] Freeing SMP alternatives memory: 36K
[    0.389930] ftrace: allocating 31633 entries in 62 pages
[    0.460159] smpboot: APIC(0) Converting physical 0 to logical package 0
[    0.462641] smpboot: Max logical packages: 1
[    0.464362] Enabling APIC mode:  Flat.  Using 1 I/O APICs
[    0.468067] ..TIMER: vector=0x30 apic1=0 pin1=2 apic2=-1 pin2=-1
[    0.578365] smpboot: CPU0: Intel(R) Core(TM) i7-4510U CPU @ 2.00GHz (family: 0x6, model: 0x45, stepping: 0x1)
[    0.580640] Performance Events: unsupported p6 CPU model 69 no PMU driver, software events only.
[    0.593269] KVM setup paravirtual spinlock
[    0.595411] x86: Booting SMP configuration:
[    0.597028] .... node  #0, CPUs:      #1
[1266874886.391608] Initializing CPU#1
[    0.605545] kvm-clock: cpu 1, msr 0:37bfd041, secondary cpu clock
[    0.622930] mce: CPU supports 0 MCE banks
[    0.625705] x86: Booted up 1 node, 2 CPUs
[    0.626883] smpboot: Total of 2 processors activated (10375.65 BogoMIPS)
[    0.631149] devtmpfs: initialized
[    0.632118] evm: security.selinux
[    0.632884] evm: security.SMACK64
[    0.633655] evm: security.SMACK64EXEC
[    0.634513] evm: security.SMACK64TRANSMUTE
[    0.635475] evm: security.SMACK64MMAP
[    0.643128] evm: security.ima
[    0.643872] evm: security.capability
[    0.645035] clocksource: jiffies: mask: 0xffffffff max_cycles: 0xffffffff, max_idle_ns: 7645041785100000 ns
[    0.647380] futex hash table entries: 512 (order: 3, 32768 bytes)
[    0.648792] pinctrl core: initialized pinctrl subsystem
[    0.650042] RTC time:  3:49:27, date: 01/04/21
[    0.651291] NET: Registered protocol family 16
[    0.652431] EISA bus registered
[    0.662268] cpuidle: using governor ladder
[    0.674496] cpuidle: using governor menu
[    0.675447] PCCT header not found.
[    0.676387] ACPI: bus type PCI registered
[    0.677287] acpiphp: ACPI Hot Plug PCI Controller Driver version: 0.5
[    0.679564] PCI : PCI BIOS area is rw and x. Use pci=nobios if you want it NX.
[    0.681128] PCI: PCI BIOS revision 2.10 entry at 0xfda26, last bus=0
[    0.682420] PCI: Using configuration type 1 for base access
[    0.699012] ACPI: Added _OSI(Module Device)
[    0.699987] ACPI: Added _OSI(Processor Device)
[    0.700933] ACPI: Added _OSI(3.0 _SCP Extensions)
[    0.701932] ACPI: Added _OSI(Processor Aggregator Device)
[    0.704441] ACPI: Executed 1 blocks of module-level executable AML code
[    0.708412] ACPI: Interpreter enabled
[    0.709902] ACPI: (supports S0 S5)
[    0.711253] ACPI: Using IOAPIC for interrupt routing
[    0.725833] PCI: Using host bridge windows from ACPI; if necessary, use "pci=nocrs" and report a bug
[    0.733368] ACPI: PCI Root Bridge [PCI0] (domain 0000 [bus 00-ff])
[    0.734644] acpi PNP0A03:00: _OSC: OS supports [ASPM ClockPM Segments MSI]
[    0.736962] acpi PNP0A03:00: _OSC: not requesting OS control; OS requires [ExtendedConfig ASPM ClockPM MSI]
[    0.739201] acpi PNP0A03:00: fail to add MMCONFIG information, can't access extended PCI configuration space under this bridge.
[    0.741722] PCI host bridge to bus 0000:00
[    0.742681] pci_bus 0000:00: root bus resource [io  0x0000-0x0cf7 window]
[    0.743995] pci_bus 0000:00: root bus resource [io  0x0d00-0xffff window]
[    0.745319] pci_bus 0000:00: root bus resource [mem 0x000a0000-0x000bffff window]
[    0.746980] pci_bus 0000:00: root bus resource [mem 0x40000000-0xfdffffff window]
[    0.748580] pci_bus 0000:00: root bus resource [bus 00-ff]
[    0.751141] pci 0000:00:01.1: legacy IDE quirk: reg 0x10: [io  0x01f0-0x01f7]
[    0.752510] pci 0000:00:01.1: legacy IDE quirk: reg 0x14: [io  0x03f6]
[    0.753968] pci 0000:00:01.1: legacy IDE quirk: reg 0x18: [io  0x0170-0x0177]
[    0.755428] pci 0000:00:01.1: legacy IDE quirk: reg 0x1c: [io  0x0376]
[    0.781923] pci 0000:00:07.0: quirk: [io  0x4000-0x403f] claimed by PIIX4 ACPI
[    0.783762] pci 0000:00:07.0: quirk: [io  0x4100-0x410f] claimed by PIIX4 SMB
[    0.793208] ACPI: PCI Interrupt Link [LNKA] (IRQs 5 9 10 *11)
[    0.795138] ACPI: PCI Interrupt Link [LNKB] (IRQs 5 9 *10 11)
[    0.799875] ACPI: PCI Interrupt Link [LNKC] (IRQs 5 *9 10 11)
[    0.803222] ACPI: PCI Interrupt Link [LNKD] (IRQs 5 9 10 *11)
[    0.809202] ACPI: Enabled 2 GPEs in block 00 to 07
[    0.810965] vgaarb: setting as boot device: PCI:0000:00:02.0
[    0.812103] vgaarb: device added: PCI:0000:00:02.0,decodes=io+mem,owns=io+mem,locks=none
[    0.813782] vgaarb: loaded
[    0.814445] vgaarb: bridge control possible 0000:00:02.0
[    0.815861] SCSI subsystem initialized
[    0.817408] ACPI: bus type USB registered
[    0.818995] usbcore: registered new interface driver usbfs
[    0.820555] usbcore: registered new interface driver hub
[    0.822425] usbcore: registered new device driver usb
[    0.824083] PCI: Using ACPI for IRQ routing
[    0.826024] NetLabel: Initializing
[    0.827259] NetLabel:  domain hash size = 128
[    0.828897] NetLabel:  protocols = UNLABELED CIPSOv4
[    0.830732] NetLabel:  unlabeled traffic allowed by default
[    0.833045] amd_nb: Cannot enumerate AMD northbridges
[    0.835121] clocksource: Switched to clocksource kvm-clock
[    0.846646] AppArmor: AppArmor Filesystem Enabled
[    0.847788] pnp: PnP ACPI init
[    0.849197] pnp: PnP ACPI: found 3 devices
[    0.850085] PnPBIOS: Disabled by ACPI PNP
[    0.898302] clocksource: acpi_pm: mask: 0xffffff max_cycles: 0xffffff, max_idle_ns: 2085701024 ns
[    0.900635] NET: Registered protocol family 2
[    0.901974] TCP established hash table entries: 8192 (order: 3, 32768 bytes)
[    0.903719] TCP bind hash table entries: 8192 (order: 4, 65536 bytes)
[    0.905665] TCP: Hash tables configured (established 8192 bind 8192)
[    0.907080] UDP hash table entries: 512 (order: 2, 16384 bytes)
[    0.908441] UDP-Lite hash table entries: 512 (order: 2, 16384 bytes)
[    0.909934] NET: Registered protocol family 1
[    0.911062] pci 0000:00:00.0: Limiting direct PCI/PCI transfers
[    0.913149] pci 0000:00:01.0: Activating ISA DMA hang workarounds
[    0.916124] Unpacking initramfs...
[    1.201027] Freeing initrd memory: 14484K
[    1.202444] RAPL PMU detected, API unit is 2^-32 Joules, 4 fixed counters 10737418240 ms ovfl timer
[    1.204740] hw unit of domain pp0-core 2^-0 Joules
[    1.205968] hw unit of domain package 2^-0 Joules
[    1.207186] hw unit of domain dram 2^-0 Joules
[    1.208399] hw unit of domain pp1-gpu 2^-0 Joules
[    1.209653] clocksource: tsc: mask: 0xffffffffffffffff max_cycles: 0x2563c712b8c, max_idle_ns: 440795291807 ns
[    1.212350] platform rtc_cmos: registered platform RTC device (no PNP device found)
[    1.214489] Scanning for low memory corruption every 60 seconds
[    1.216711] audit: initializing netlink subsys (disabled)
[    1.218041] audit: type=2000 audit(1609732173.366:1): initialized
[    1.219817] Initialise system trusted keyring
[    1.226918] HugeTLB registered 2 MB page size, pre-allocated 0 pages
[    1.230610] zbud: loaded
[    1.231943] VFS: Disk quotas dquot_6.6.0
[    1.234167] VFS: Dquot-cache hash table entries: 1024 (order 0, 4096 bytes)
[    1.237219] squashfs: version 4.0 (2009/01/31) Phillip Lougher
[    1.239229] fuse init (API version 7.23)
[    1.240517] Key type big_key registered
[    1.241591] Allocating IMA MOK and blacklist keyrings.
[    1.246901] Key type asymmetric registered
[    1.248108] Asymmetric key parser 'x509' registered
[    1.249427] bounce: pool size: 64 pages
[    1.250597] Block layer SCSI generic (bsg) driver version 0.4 loaded (major 249)
[    1.252772] io scheduler noop registered
[    1.255000] io scheduler deadline registered (default)
[    1.257913] io scheduler cfq registered
[    1.260406] pci_hotplug: PCI Hot Plug PCI Core version: 0.5
[    1.263413] pciehp: PCI Express Hot Plug Controller Driver version: 0.4
[    1.265753] ACPI: AC Adapter [AC] (on-line)
[    1.266990] input: Power Button as /devices/LNXSYSTM:00/LNXPWRBN:00/input/input0
[    1.269044] ACPI: Power Button [PWRF]
[    1.274734] input: Sleep Button as /devices/LNXSYSTM:00/LNXSLPBN:00/input/input1
[    1.277067] ACPI: Sleep Button [SLPF]
[    1.281864] ACPI: Battery Slot [BAT0] (battery present)
[    1.284938] GHES: HEST is not enabled!
[    1.287101] isapnp: Scanning for PnP cards...
[    1.291911] Serial: 8250/16550 driver, 32 ports, IRQ sharing enabled
[    1.314419] 00:02: ttyS0 at I/O 0x3f8 (irq = 4, base_baud = 115200) is a 16550A
[    1.325735] Linux agpgart interface v0.103
[    1.329582] loop: module loaded
[    1.333631] scsi host0: ata_piix
[    1.334748] scsi host1: ata_piix
[    1.335755] ata1: PATA max UDMA/33 cmd 0x1f0 ctl 0x3f6 bmdma 0xd000 irq 14
[    1.339196] ata2: PATA max UDMA/33 cmd 0x170 ctl 0x376 bmdma 0xd008 irq 15
[    1.342191] libphy: Fixed MDIO Bus: probed
[    1.343580] tun: Universal TUN/TAP device driver, 1.6
[    1.345007] tun: (C) 1999-2004 Max Krasnyansky <maxk@qualcomm.com>
[    1.346641] PPP generic driver version 2.4.2
[    1.348479] ehci_hcd: USB 2.0 'Enhanced' Host Controller (EHCI) Driver
[    1.350457] ehci-pci: EHCI PCI platform driver
[    1.351849] ehci-platform: EHCI generic platform driver
[    1.354824] ohci_hcd: USB 1.1 'Open' Host Controller (OHCI) Driver
[    1.356740] ohci-pci: OHCI PCI platform driver
[    1.358234] ohci-platform: OHCI generic platform driver
[    1.360118] uhci_hcd: USB Universal Host Controller Interface driver
[    1.362271] i8042: PNP: PS/2 Controller [PNP0303:PS2K,PNP0f03:PS2M] at 0x60,0x64 irq 1,12
[    1.365899] serio: i8042 KBD port at 0x60,0x64 irq 1
[    1.367538] serio: i8042 AUX port at 0x60,0x64 irq 12
[    1.369344] mousedev: PS/2 mouse device common for all mice
[    1.373391] input: AT Translated Set 2 keyboard as /devices/platform/i8042/serio0/input/input2
[    1.376282] rtc_cmos rtc_cmos: rtc core: registered rtc_cmos as rtc0
[    1.380596] rtc_cmos rtc_cmos: alarms up to one day, 114 bytes nvram
[    1.383875] i2c /dev entries driver
[    1.385302] device-mapper: uevent: version 1.0.3
[    1.388641] device-mapper: ioctl: 4.34.0-ioctl (2015-10-28) initialised: dm-devel@redhat.com
[    1.391559] platform eisa.0: Probing EISA bus 0
[    1.393243] platform eisa.0: EISA: Cannot allocate resource for mainboard
[    1.395355] platform eisa.0: Cannot allocate resource for EISA slot 1
[    1.397467] platform eisa.0: Cannot allocate resource for EISA slot 2
[    1.399666] platform eisa.0: Cannot allocate resource for EISA slot 3
[    1.401495] platform eisa.0: Cannot allocate resource for EISA slot 4
[    1.403255] platform eisa.0: Cannot allocate resource for EISA slot 5
[    1.406287] platform eisa.0: Cannot allocate resource for EISA slot 6
[    1.408372] platform eisa.0: Cannot allocate resource for EISA slot 7
[    1.410415] platform eisa.0: Cannot allocate resource for EISA slot 8
[    1.412587] platform eisa.0: EISA: Detected 0 cards
[    1.414182] cpufreq-nforce2: No nForce2 chipset.
[    1.415788] ledtrig-cpu: registered to indicate activity on CPUs
[    1.418166] NET: Registered protocol family 10
[    1.420068] NET: Registered protocol family 17
[    1.421358] Key type dns_resolver registered
[    1.425040] Using IPI No-Shortcut mode
[    1.430411] registered taskstats version 1
[    1.431759] Loading compiled-in X.509 certificates
[    1.436679] Loaded X.509 cert 'Build time autogenerated kernel key: 79dffaa6e50c79afb1b130c01a68874bd090d6f4'
[    1.439240] zswap: loaded using pool lzo/zbud
[    1.442306] Key type trusted registered
[    1.447392] Key type encrypted registered
[    1.453155] AppArmor: AppArmor sha1 policy hashing enabled
[    1.462964] ima: No TPM chip found, activating TPM-bypass!
[    1.464393] ima: Allocated hash algorithm: sha1
[    1.465613] evm: HMAC attrs: 0x1
[    1.466878]   Magic number: 5:371:815
[    1.477247] rtc_cmos rtc_cmos: setting system clock to 2021-01-04 03:49:28 UTC (1609732168)
[    1.479657] BIOS EDD facility v0.16 2004-Jun-25, 0 devices found
[    1.481119] EDD information not available.
[    1.733052] isapnp: No Plug & Play device found
[    1.734306] Freeing unused kernel memory: 940K
[    2.556925] Write protecting the kernel text: 8152k
[    2.558375] Write protecting the kernel read-only data: 3208k
[    2.561398] NX-protecting the kernel data: 6184k
Loading, please wait...
starting version 229
[    2.579376] random: systemd-udevd: uninitialized urandom read (16 bytes read, 0 bits of entropy available)
[    2.580472] random: udevadm: uninitialized urandom read (16 bytes read, 0 bits of entropy available)
[    2.584357] random: systemd-udevd: uninitialized urandom read (16 bytes read, 0 bits of entropy available)
[    2.598573] random: udevadm: uninitialized urandom read (16 bytes read, 0 bits of entropy available)
[    2.598660] random: udevadm: uninitialized urandom read (16 bytes read, 0 bits of entropy available)
[    2.598928] random: udevadm: uninitialized urandom read (16 bytes read, 0 bits of entropy available)
[    2.599018] random: udevadm: uninitialized urandom read (16 bytes read, 0 bits of entropy available)
[    2.599107] random: udevadm: uninitialized urandom read (16 bytes read, 0 bits of entropy available)
[    2.599203] random: udevadm: uninitialized urandom read (16 bytes read, 0 bits of entropy available)
[    2.599293] random: udevadm: uninitialized urandom read (16 bytes read, 0 bits of entropy available)
[    2.686442] e1000: Intel(R) PRO/1000 Network Driver - version 7.3.21-k8-NAPI
[    2.689644] e1000: Copyright (c) 1999-2006 Intel Corporation.
[    2.695507] Fusion MPT base driver 3.04.20
[    2.697792] Copyright (c) 1999-2008 LSI Corporation
[    2.748140] Fusion MPT SPI Host driver 3.04.20
[    2.895647] input: ImExPS/2 Generic Explorer Mouse as /devices/platform/i8042/serio1/input/input4
[    3.084274] e1000 0000:00:03.0 eth0: (PCI:33MHz:32-bit) 02:8d:62:56:36:bf
[    3.085804] e1000 0000:00:03.0 eth0: Intel(R) PRO/1000 Network Connection
[    3.088617] mptbase: ioc0: Initiating bringup
[    3.089159] e1000 0000:00:03.0 enp0s3: renamed from eth0
[    3.151479] ioc0: LSI53C1030 A0: Capabilities={Initiator}
[    3.312797] scsi host2: ioc0: LSI53C1030 A0, FwRev=00000000h, Ports=1, MaxQ=256, IRQ=20
[    3.423870] scsi 2:0:0:0: Direct-Access     VBOX     HARDDISK         1.0  PQ: 0 ANSI: 5
[    3.426984] scsi target2:0:0: Beginning Domain Validation
[    3.429915] scsi target2:0:0: Domain Validation skipping write tests
[    3.430960] scsi target2:0:0: Ending Domain Validation
[    3.431942] scsi target2:0:0: asynchronous
[    3.433445] scsi 2:0:1:0: Direct-Access     VBOX     HARDDISK         1.0  PQ: 0 ANSI: 5
[    3.435165] scsi target2:0:1: Beginning Domain Validation
[    3.439087] scsi target2:0:1: Domain Validation skipping write tests
[    3.440628] scsi target2:0:1: Ending Domain Validation
[    3.442557] scsi target2:0:1: asynchronous
[    3.451782] sd 2:0:0:0: Attached scsi generic sg0 type 0
[    3.454072] sd 2:0:1:0: Attached scsi generic sg1 type 0
[    3.454302] sd 2:0:1:0: [sdb] 20480 512-byte logical blocks: (10.5 MB/10.0 MiB)
[    3.454510] sd 2:0:1:0: [sdb] Write Protect is off
[    3.454669] sd 2:0:1:0: [sdb] Incomplete mode parameter data
[    3.454671] sd 2:0:1:0: [sdb] Assuming drive cache: write through
[    3.459900] sd 2:0:0:0: [sda] 20971520 512-byte logical blocks: (10.7 GB/10.0 GiB)
[    3.460137] sd 2:0:0:0: [sda] Write Protect is off
[    3.460259] sd 2:0:0:0: [sda] Incomplete mode parameter data
[    3.460260] sd 2:0:0:0: [sda] Assuming drive cache: write through
[    3.461452]  sda: sda1
[    3.462300] sd 2:0:0:0: [sda] Attached SCSI disk
[    3.462368] sd 2:0:1:0: [sdb] Attached SCSI disk
Begin: Loading essential drivers ... [    4.841443] md: linear personality registered for level -1
[    4.848209] md: multipath personality registered for level -4
[    4.854709] md: raid0 personality registered for level 0
[    4.863714] md: raid1 personality registered for level 1
[    4.939218] raid6: mmxx1    gen()  5011 MB/s
[    5.007247] raid6: mmxx2    gen()  5094 MB/s
[    5.075215] raid6: sse1x1   gen()  3921 MB/s
[    5.143211] raid6: sse1x2   gen()  5176 MB/s
[    5.211191] raid6: sse2x1   gen()  7893 MB/s
[    5.279182] raid6: sse2x1   xor()  6354 MB/s
[    5.347185] raid6: sse2x2   gen() 10189 MB/s
[    5.415172] raid6: sse2x2   xor()  6521 MB/s
[    5.483187] raid6: avx2x1   gen() 16622 MB/s
[    5.551169] raid6: avx2x2   gen() 18395 MB/s
[    5.552135] raid6: using algorithm avx2x2 gen() 18395 MB/s
[    5.553314] raid6: using avx2x1 recovery algorithm
[    5.560356] xor: automatically using best checksumming function:
[    5.654964]    avx       : 90649.000 MB/sec
[    5.660407] async_tx: api initialized (async)
[    5.684913] md: raid6 personality registered for level 6
[    5.686265] md: raid5 personality registered for level 5
[    5.689083] md: raid4 personality registered for level 4
[    5.702311] md: raid10 personality registered for level 10
done.
Begin: Running /scripts/init-premount ... done.
Begin: Mounting root file system ... Begin: Running /scripts/local-top ... done.
Begin: Running /scripts/local-premount ... [    5.755749] Btrfs loaded
Scanning for Btrfs filesystems
done.
Warning: fsck not present, so skipping root file system
[    5.791523] EXT4-fs (sda1): mounted filesystem with ordered data mode. Opts: (null)
done.
Begin: Running /scripts/local-bottom ... done.
Begin: Running /scripts/init-bottom ... done.
[    5.928287] systemd[1]: systemd 229 running in system mode. (+PAM +AUDIT +SELINUX +IMA +APPARMOR +SMACK +SYSVINIT +UTMP +LIBCRYPTSETUP +GCRYPT +GNUTLS +ACL +XZ -LZ4 +SECCOMP +BLKID +ELFUTILS +KMOD -IDN)
[    5.932216] systemd[1]: Detected virtualization oracle.
[    5.933555] systemd[1]: Detected architecture x86.

Welcome to [1mUbuntu 16.04.7 LTS[0m!

[    5.939333] systemd[1]: Set hostname to <ubuntu>.
[    5.942385] systemd[1]: Initializing machine ID from random generator.
[    5.946166] systemd[1]: Installed transient /etc/machine-id file.
[    6.102071] systemd[1]: Started Trigger resolvconf update for networkd DNS.
[[0;32m  OK  [0m] Started Trigger resolvconf update for networkd DNS.
[    6.105410] systemd[1]: Listening on udev Kernel Socket.
[[0;32m  OK  [0m] Listening on udev Kernel Socket.
[    6.108028] systemd[1]: Listening on Device-mapper event daemon FIFOs.
[[0;32m  OK  [0m] Listening on Device-mapper event daemon FIFOs.
[    6.111316] systemd[1]: Created slice User and Session Slice.
[[0;32m  OK  [0m] Created slice User and Session Slice.
[    6.114215] systemd[1]: Listening on LVM2 poll daemon socket.
[[0;32m  OK  [0m] Listening on LVM2 poll daemon socket.
[    6.116993] systemd[1]: Started Forward Password Requests to Wall Directory Watch.
[[0;32m  OK  [0m] Started Forward Password Requests to Wall Directory Watch.
[    6.125942] systemd[1]: Listening on Journal Audit Socket.
[[0;32m  OK  [0m] Listening on Journal Audit Socket.
[    6.128634] systemd[1]: Listening on Syslog Socket.
[[0;32m  OK  [0m] Listening on Syslog Socket.
[    6.130885] systemd[1]: Listening on /dev/initctl Compatibility Named Pipe.
[[0;32m  OK  [0m] Listening on /dev/initctl Compatibility Named Pipe.
[    6.134093] systemd[1]: Created slice System Slice.
[[0;32m  OK  [0m] Created slice System Slice.
[    6.137611] systemd[1]: Reached target Slices.
[[0;32m  OK  [0m] Reached target Slices.
[    6.139914] systemd[1]: Reached target Swap.
[[0;32m  OK  [0m] Reached target Swap.
[    6.142173] systemd[1]: Reached target Encrypted Volumes.
[[0;32m  OK  [0m] Reached target Encrypted Volumes.
[    6.144925] systemd[1]: Reached target User and Group Name Lookups.
[[0;32m  OK  [0m] Reached target User and Group Name Lookups.
[    6.147749] systemd[1]: Created slice system-serial\x2dgetty.slice.
[[0;32m  OK  [0m] Created slice system-serial\x2dgetty.slice.
[    6.150682] systemd[1]: Set up automount Arbitrary Executable File Formats File System Automount Point.
[[0;32m  OK  [0m] Set up automount Arbitrary Executab...ats File System Automount Point.
[    6.154829] systemd[1]: Listening on Journal Socket (/dev/log).
[[0;32m  OK  [0m] Listening on Journal Socket (/dev/log).
[    6.157723] systemd[1]: Listening on Journal Socket.
[[0;32m  OK  [0m] Listening on Journal Socket.
[    6.171570] systemd[1]: Starting Set console keymap...
         Starting Set console keymap...
[    6.174982] systemd[1]: Mounting POSIX Message Queue File System...
         Mounting POSIX Message Queue File System...
[    6.182261] systemd[1]: Starting Remount Root and Kernel File Systems...
         Starting Remount Root and Kernel File Systems...
[    6.186314] systemd[1]: Starting Create list of required static device nodes for the current kernel...
         Starting Create list of required st... nodes for the current kernel...
[    6.191604] systemd[1]: Mounting Huge Pages File System...
         Mounting Huge Pages File System...
[    6.194813] EXT4-fs (sda1): re-mounted. Opts: (null)
[    6.195791] systemd[1]: Starting Nameserver information manager...
         Starting Nameserver information manager...
[    6.208415] systemd[1]: Starting Journal Service...
         Starting Journal Service...
[    6.210971] systemd[1]: Listening on udev Control Socket.
[[0;32m  OK  [0m] Listening on udev Control Socket.
[    6.215008] systemd[1]: Mounting Debug File System...
         Mounting Debug File System...
[    6.219772] systemd[1]: Starting Uncomplicated firewall...
         Starting Uncomplicated firewall...
[    6.222745] systemd[1]: Reached target System Time Synchronized.
[[0;32m  OK  [0m] Reached target System Time Synchronized.
[    6.233880] systemd[1]: Starting Load Kernel Modules...
         Starting Load Kernel Modules...
[    6.237203] systemd[1]: Listening on LVM2 metadata daemon socket.
[[0;32m  OK  [0m] Listening on LVM2 metadata daemon socket.
[    6.241302] systemd[1]: Starting Monitoring of LVM2 mirrors, snapshots etc. using dmeventd or progress polling...
         Starting Monitoring of LVM2 mirrors... dmeventd or progress polling...
[    6.248150] systemd[1]: Mounted Debug File System.
[[0;32m  OK  [0m] Mounted Debug File System.
[    6.250696] systemd[1]: Mounted POSIX Message Queue File System.
[[0;32m  OK  [0m] Mounted POSIX Message Queue File System.
[    6.257448] Loading iSCSI transport class v2.0-870.
[    6.257767] systemd[1]: Mounted Huge Pages File System.
[[0;32m  OK  [0m] Mounted Huge Pages File System.
[    6.262482] systemd[1]: Started Remount Root and Kernel File Systems.
[[0;32m  OK  [0m] Started Remount Root and Kernel File Systems.
[    6.276363] systemd[1]: Started Create list of required static device nodes for the current kernel.
[[0;32m  OK  [0m] Started Create list of required sta...ce nodes for the current kernel.
[    6.286189] systemd[1]: Started Uncomplicated firewall.
[[0;32m  OK  [0m] Started Uncomplicated firewall.
[    6.297092] systemd[1]: Started Journal Service.
[    6.298751] iscsi: registered transport (tcp)
[[0;32m  OK  [0m] Started Journal Service.
[[0;32m  OK  [0m] Started Nameserver information manager.
[[0;32m  OK  [0m] Started LVM2 metadata daemon.
         Starting Create Static Device Nodes in /dev...
         Starting udev Coldplug all Devices...
         Starting Load/Save Random Seed...
         Starting Flush Journal to Persistent Storage...
[[0;32m  OK  [0m] Started Set console keymap.
[[0;32m  OK  [0m] Started Load/Save Random Seed.
[    6.355706] systemd-journald[382]: Received request to flush runtime journal from PID 1
[[0;32m  OK  [0m] Started Flush Journal to Persistent Storage.
[[0;32m  OK  [0m] Started Create Static Device Nodes in /dev.
         Starting udev Kernel Device Manager...
[[0;32m  OK  [0m] Started udev Coldplug all Devices.
[[0;32m  OK  [0m] Started Monitoring of LVM2 mirrors,...ng dmeventd or progress polling.
[[0;32m  OK  [0m] Reached target Local File Systems (Pre).
[[0;32m  OK  [0m] Reached target Local File Systems.
[    6.432067] iscsi: registered transport (iser)
         Starting Create Volatile Files and Directories...
         Starting Initial cloud-init job (pre-networking)...
         Starting Tell Plymouth To Write Out Runtime Data...
         Starting Set console font and keymap...
         Starting Commit a transient machine-id on disk...
         Starting LSB: AppArmor initialization...
[[0;32m  OK  [0m] Started Load Kernel Modules.
         Mounting FUSE Control File System...
         Starting Apply Kernel Variables...
[[0;32m  OK  [0m] Mounted FUSE Control File System.
[[0;32m  OK  [0m] Started Create Volatile Files and Directories.
         Starting Update UTMP about System Boot/Shutdown...
[[0;32m  OK  [0m] Started Tell Plymouth To Write Out Runtime Data.
[[0;32m  OK  [0m] Started udev Kernel Device Manager.
[[0;32m  OK  [0m] Started Dispatch Password Requests to Console Directory Watch.
[[0;32m  OK  [0m] Started Update UTMP about System Boot/Shutdown.
[[0;32m  OK  [0m] Started Apply Kernel Variables.
[[0;32m  OK  [0m] Started Commit a transient machine-id on disk.
[[0;32m  OK  [0m] Found device /dev/ttyS0.
[[0;32m  OK  [0m] Listening on Load/Save RF Kill Switch Status /dev/rfkill Watch.
[[0;32m  OK  [0m] Started Set console font and keymap.
[[0;32m  OK  [0m] Created slice system-getty.slice.
[[0;32m  OK  [0m] Started LSB: AppArmor initialization.
         Starting Load AppArmor profiles managed internally by snapd...
[[0;32m  OK  [0m] Started Load AppArmor profiles managed internally by snapd.
[    8.012929] cloud-init[459]: Cloud-init v. 20.3-2-g371b392c-0ubuntu1~16.04.1 running 'init-local' at Mon, 04 Jan 2021 03:49:34 +0000. Up 7.43 seconds.
[[0;32m  OK  [0m] Started Initial cloud-init job (pre-networking).
[[0;32m  OK  [0m] Reached target Network (Pre).
         Starting Raise network interfaces...
[[0;32m  OK  [0m] Started Raise network interfaces.
         Starting Initial cloud-init job (metadata service crawler)...
[[0;32m  OK  [0m] Reached target Network.
[    9.753775] cloud-init[937]: Cloud-init v. 20.3-2-g371b392c-0ubuntu1~16.04.1 running 'init' at Mon, 04 Jan 2021 03:49:36 +0000. Up 8.70 seconds.
[    9.758285] cloud-init[937]: ci-info: ++++++++++++++++++++++++++++++++++++++Net device info++++++++++++++++++++++++++++++++++++++
[    9.760491] cloud-init[937]: ci-info: +--------+------+----------------------------+---------------+--------+-------------------+
[    9.764593] cloud-init[937]: ci-info: | Device |  Up  |          Address           |      Mask     | Scope  |     Hw-Address    |
[    9.766479] cloud-init[937]: ci-info: +--------+------+----------------------------+---------------+--------+-------------------+
[    9.768325] cloud-init[937]: ci-info: | enp0s3 | True |         10.0.2.15          | 255.255.255.0 | global | 02:8d:62:56:36:bf |
[    9.770428] cloud-init[937]: ci-info: | enp0s3 | True | fe80::8d:62ff:fe56:36bf/64 |       .       |  link  | 02:8d:62:56:36:bf |
[    9.775974] cloud-init[937]: ci-info: |   lo   | True |         127.0.0.1          |   255.0.0.0   |  host  |         .         |
[    9.778262] cloud-init[937]: ci-info: |   lo   | True |          ::1/128           |       .       |  host  |         .         |
[    9.785685] cloud-init[937]: ci-info: +--------+------+----------------------------+---------------+--------+-------------------+
[    9.787911] cloud-init[937]: ci-info: +++++++++++++++++++++++++++Route IPv4 info++++++++++++++++++++++++++++
[    9.793425] cloud-init[937]: ci-info: +-------+-------------+----------+---------------+-----------+-------+
[    9.795863] cloud-init[937]: ci-info: | Route | Destination | Gateway  |    Genmask    | Interface | Flags |
[    9.797689] cloud-init[937]: ci-info: +-------+-------------+----------+---------------+-----------+-------+
[    9.799405] cloud-init[937]: ci-info: |   0   |   0.0.0.0   | 10.0.2.2 |    0.0.0.0    |   enp0s3  |   UG  |
[    9.808628] cloud-init[937]: ci-info: |   1   |   10.0.2.0  | 0.0.0.0  | 255.255.255.0 |   enp0s3  |   U   |
[    9.811157] cloud-init[937]: ci-info: +-------+-------------+----------+---------------+-----------+-------+
[    9.813515] cloud-init[937]: ci-info: +++++++++++++++++++Route IPv6 info+++++++++++++++++++
[    9.815038] cloud-init[937]: ci-info: +-------+-------------+---------+-----------+-------+
[    9.816524] cloud-init[937]: ci-info: | Route | Destination | Gateway | Interface | Flags |
[    9.817891] cloud-init[937]: ci-info: +-------+-------------+---------+-----------+-------+
[    9.819346] cloud-init[937]: ci-info: |   0   |  fe80::/64  |    ::   |   enp0s3  |   U   |
[    9.826060] cloud-init[937]: ci-info: |   3   |   ff00::/8  |    ::   |   enp0s3  |   U   |
[    9.828561] cloud-init[937]: ci-info: +-------+-------------+---------+-----------+-------+
[    9.830072] cloud-init[937]: Generating public/private rsa key pair.
[    9.831354] cloud-init[937]: Your identification has been saved in /etc/ssh/ssh_host_rsa_key.
[    9.832918] cloud-init[937]: Your public key has been saved in /etc/ssh/ssh_host_rsa_key.pub.
[    9.834559] cloud-init[937]: The key fingerprint is:
[    9.836140] cloud-init[937]: SHA256:rtxbqHoZzOVszbo+EwwycBFLOzvju/4ZrsnTVNPzIuo root@ubuntu-xenial
[    9.837688] cloud-init[937]: The key's randomart image is:
[    9.838822] cloud-init[937]: +---[RSA 2048]----+
[    9.839887] cloud-init[937]: |    +o           |
[    9.841084] cloud-init[937]: |  ...o           |
[    9.842188] cloud-init[937]: |   o+    .       |
[    9.843250] cloud-init[937]: |    oo. + o      |
[    9.844579] cloud-init[937]: |    += BS+ o     |
[    9.845685] cloud-init[937]: |   . o=.B.+ .    |
[    9.846775] cloud-init[937]: |    .o.=o+..     |
[    9.847748] cloud-init[937]: |   ..==*+.       |
[    9.849090] cloud-init[937]: |   .OOE.==       |
[    9.849972] cloud-init[937]: +----[SHA256]-----+
[    9.850842] cloud-init[937]: Generating public/private dsa key pair.
[    9.851937] cloud-init[937]: Your identification has been saved in /etc/ssh/ssh_host_dsa_key.
[    9.853429] cloud-init[937]: Your public key has been saved in /etc/ssh/ssh_host_dsa_key.pub.
[    9.860213] cloud-init[937]: The key fingerprint is:
[    9.861267] cloud-init[937]: SHA256:nwmPYsVIxf0R4LN/ej6mfSBxgx5BCWKTiDFwDxdbBv8 root@ubuntu-xenial
[    9.862644] cloud-init[937]: The key's randomart image is:
[    9.863618] cloud-init[937]: +---[DSA 1024]----+
[    9.864503] cloud-init[937]: |  ..=o+=Boo+oo   |
[    9.865340] cloud-init[937]: |   ..=.Bo+. +    |
[    9.866397] cloud-init[937]: |      + . o. +   |
[    9.867338] cloud-init[937]: |     . o . o= o  |
[    9.867654] cloud-init[937]: |      . S E. + . |
[[    9.868663] cloud-init[937]: |       . = +o .  |
[    9.868867] cloud-init[937]: |      o . = .... |
[0;32m  OK  [0m] Started Initial cloud-init job (metadata service crawler).
[[0;32m  OK  [0m] Reached target Cloud-config availability.
[    9.872363] cloud-init[937]: |     . .     ++ .|
[[0;32m  OK  [0m] [    9.873428] cloud-init[937]: |            o=oo |
Reached target System Initialization.
[    9.874033] cloud-init[937]: +----[SHA256]-----+
[    9.876005] cloud-init[937]: Generating public/private ecdsa key pair.
[    9.876883] cloud-init[937]: Your identification has been saved in /etc/ssh/ssh_host_ecdsa_key.
[    9.877327] cloud-init[937]: Your public key has been saved in /etc/ssh/ssh_host_ecdsa_key.pub.
[    9.879805] cloud-init[937]: The key fingerprint is:
[    9.880329] cloud-init[937]: SHA256:sN8gymoe5eml5HlyXtbl78ONkXrNNd1Z7+/OQfnIwtk root@ubuntu-xenial
[    9.881767] cloud-init[937]: The key's randomart image is:
[    9.882553] cloud-init[937]: +---[ECDSA 256]---+
[    9.883207] cloud-init[937]: |                 |
[    9.883402] cloud-init[937]: |                 |
[    9.884050] cloud-init[937]: |      .          |
[    9.884787] cloud-init[937]: |       o        o|
[    9.885282] cloud-init[937]: |    . o S   .  +*|
[    9.886215] cloud-init[937]: |   + o o + + +++*|
[    9.886374] cloud-init[937]: |  . * . + o =oEO+|
[    9.886947] cloud-init[937]: |  .*.+oo    .o=.*|
         Starting Socket activation for snappy daemon.
[    9.887030] cloud-init[937]: | oo ==.      oo+*|
[[0;32m  OK  [0m] Listening on ACPID Listen Socket.[    9.891189] cloud-init[937]: +----[SHA256]-----+

[    9.892323] cloud-init[937]: Generating public/private ed25519 key pair.
[    9.895332] cloud-init[937]: Your identification has been saved in /etc/ssh/ssh_host_ed25519_key.
[[0;32m  OK  [0m] Started Daily apt download activities.[    9.896886] cloud-init[937]: Your public key has been saved in /etc/ssh/ssh_host_ed25519_key.pub.

[    9.898943] cloud-init[937]: The key fingerprint is:
[    9.900751] cloud-init[937]: SHA256:ULIxBRsdqR+kKfOfPU9yjJdA6dCO4TAtk3drQcYBnsQ root@ubuntu-xenial
[    9.901009] cloud-init[937]: The key's randomart image is:
[    9.901502] cloud-init[937]: +--[ED25519 256]--+
[    9.902023] cloud-init[937]: |      *=*=+.     |
[    9.902535] cloud-init[937]: |       &E=..     |
[[0;32m  OK  [0m] Started Daily apt upgrade and clean activities.[    9.906586] cloud-init[937]: |      X=B *      |

[    9.907745] cloud-init[937]: |    o +O.O o     |
[    9.912095] cloud-init[937]: |     + .S.*      |
[    9.913671] cloud-init[937]: |      . .. + .   |
[    9.913923] cloud-init[937]: |       . oo *    |
[[0;32m  OK  [0m] Listening on UUID daemon activation socket.
[    9.915825] cloud-init[937]: |        o o=     |
[    9.917420] cloud-init[937]: |           o.    |
[[0;32m  OK  [0m] Started Daily Cleanup of Temporary Directories.
[    9.918711] cloud-init[937]: +----[SHA256]-----+
         Starting LXD - unix socket.
[[0;32m  OK  [0m] Started ACPI Events Check.
[[0;32m  OK  [0m] Reached target Paths.
[[0;32m  OK  [0m] Listening on D-Bus System Message Bus Socket.
[[0;32m  OK  [0m] Started Message of the Day.
[[0;32m  OK  [0m] Reached target Timers.
[[0;32m  OK  [0m] Reached target Network is Online.
         Starting iSCSI initiator daemon (iscsid)...
[[0;32m  OK  [0m] Listening on Socket activation for snappy daemon.
[[0;32m  OK  [0m] Listening on LXD - unix socket.
[[0;32m  OK  [0m] Reached target Sockets.
[[0;32m  OK  [0m] Reached target Basic System.
[[0;32m  OK  [0m] Started ACPI event daemon.
         Starting Virtualbox guest utils...
[[0;32m  OK  [0m] Started Deferred execution scheduler.
[[0;32m  OK  [0m] Started FUSE filesystem for LXC.
         Starting LXD - container startup/shutdown...
         Starting System Logging Service...
         Starting Snap Daemon...
         Starting Pollinate to seed the pseudo random number generator...
[[0;32m  OK  [0m] Started D-Bus System Message Bus.
         Starting /etc/rc.local Compatibility...
         Starting Login Service...
         Starting LSB: MD monitoring daemon...
         Starting LSB: Record successful boot for GRUB...
         Starting Accounts Service...
[[0;32m  OK  [0m] Started Regular background program processing daemon.
[[0;32m  OK  [0m] Started System Logging Service.
[[0;32m  OK  [0m] Started /etc/rc.local Compatibility.
[[0;32m  OK  [0m] Started LXD - container startup/shutdown.
[[0;32m  OK  [0m] Started iSCSI initiator daemon (iscsid).
         Starting Login to default iSCSI targets...
[[0;32m  OK  [0m] Started LSB: Record successful boot for GRUB.
[[0;32m  OK  [0m] Started LSB: MD monitoring daemon.
[[0;32m  OK  [0m] Started Login Service.
[[0;32m  OK  [0m] Started Unattended Upgrades Shutdown.
         Starting Authenticate and Authorize Users to Run Privileged Tasks...
[[0;32m  OK  [0m] Started Login to default iSCSI targets.
[[0;32m  OK  [0m] Reached target Remote File Systems (Pre).
[[0;32m  OK  [0m] Reached target Remote File Systems.
         Starting LSB: automatic crash report generation...
         Starting LSB: Set the CPU Frequency Scaling governor to "ondemand"...
         Starting LSB: daemon to balance interrupts for SMP systems...
         Starting Permit User Sessions...
[[0;32m  OK  [0m] Started Permit User Sessions.
         Starting Terminate Plymouth Boot Screen...
         Starting Hold until boot process finishes up...
[[0;32m  OK  [0m] Started Terminate Plymouth Boot Screen.
[[0;32m  OK  [0m] Started Hold until boot process finishes up.
[[0;32m  OK  [0m] Started Virtualbox guest utils.
[[0;32m  OK  [0m] Started Getty on tty1.
[[0;32m  OK  [0m] Started Serial Getty on ttyS0.
[[0;32m  OK  [0m] Reached target Login Prompts.
         Starting Set console scheme...
[[0;32m  OK  [0m] Started LSB: Set the CPU Frequency Scaling governor to "ondemand".
[[0;32m  OK  [0m] Started Set console scheme.
[[0;32m  OK  [0m] Started LSB: daemon to balance interrupts for SMP systems.
[[0;32m  OK  [0m] Started Authenticate and Authorize Users to Run Privileged Tasks.
[[0;32m  OK  [0m] Started LSB: automatic crash report generation.
[[0;32m  OK  [0m] Started Accounts Service.
[[0;32m  OK  [0m] Started Snap Daemon.
         Starting Wait until snapd is fully seeded...
[[0;32m  OK  [0m] Started Pollinate to seed the pseudo random number generator.
         Starting OpenBSD Secure Shell server...
[[0;32m  OK  [0m] Started OpenBSD Secure Shell server.
[[0;32m  OK  [0m] Created slice User Slice of vagrant.
         Starting User Manager for UID 1000...
[[0;32m  OK  [0m] Started Session 1 of user vagrant.
[[0;32m  OK  [0m] Started User Manager for UID 1000.
[[0;32m  OK  [0m] Started Session 2 of user vagrant.

Ubuntu 16.04.7 LTS ubuntu-xenial ttyS0

ubuntu-xenial login: [[0;32m  OK  [0m] Started ACPI event daemon.
[[0;32m  OK  [0m] Started ACPI event daemon.
[[0;32m  OK  [0m] Started ACPI event daemon.
[[0;32m  OK  [0m] Started ACPI event daemon.
[[0;32m  OK  [0m] Started ACPI event daemon.
[[0;32m  OK  [0m] Started ACPI event daemon.
[[0;32m  OK  [0m] Started Wait until snapd is fully seeded.
         Starting Apply the settings specified in cloud-config...
[[0;32m  OK  [0m] Reached target Multi-User System.
[[0;32m  OK  [0m] Reached target Graphical Interface.
         Starting Update UTMP about System Runlevel Changes...
[[0;32m  OK  [0m] Started Update UTMP about System Runlevel Changes.
[   26.401856] cloud-init[2150]: Generating locales (this might take a while)...
[   27.319482] cloud-init[2150]:   en_US.UTF-8... done
[   27.322723] cloud-init[2150]: Generation complete.
[   27.610017] cloud-init[2150]: Cloud-init v. 20.3-2-g371b392c-0ubuntu1~16.04.1 running 'modules:config' at Mon, 04 Jan 2021 03:49:53 +0000. Up 26.24 seconds.
[[0;32m  OK  [0m] Started Apply the settings specified in cloud-config.
         Starting Execute cloud user/final scripts...
ci-info: no authorized SSH keys fingerprints found for user ubuntu.
<14>Jan  4 03:49:55 ec2: 
<14>Jan  4 03:49:55 ec2: #############################################################
<14>Jan  4 03:49:55 ec2: -----BEGIN SSH HOST KEY FINGERPRINTS-----
<14>Jan  4 03:49:55 ec2: 1024 SHA256:nwmPYsVIxf0R4LN/ej6mfSBxgx5BCWKTiDFwDxdbBv8 root@ubuntu-xenial (DSA)
<14>Jan  4 03:49:55 ec2: 256 SHA256:sN8gymoe5eml5HlyXtbl78ONkXrNNd1Z7+/OQfnIwtk root@ubuntu-xenial (ECDSA)
<14>Jan  4 03:49:55 ec2: 256 SHA256:ULIxBRsdqR+kKfOfPU9yjJdA6dCO4TAtk3drQcYBnsQ root@ubuntu-xenial (ED25519)
<14>Jan  4 03:49:55 ec2: 2048 SHA256:rtxbqHoZzOVszbo+EwwycBFLOzvju/4ZrsnTVNPzIuo root@ubuntu-xenial (RSA)
<14>Jan  4 03:49:55 ec2: -----END SSH HOST KEY FINGERPRINTS-----
<14>Jan  4 03:49:55 ec2: #############################################################
-----BEGIN SSH HOST KEY KEYS-----
ecdsa-sha2-nistp256 AAAAE2VjZHNhLXNoYTItbmlzdHAyNTYAAAAIbmlzdHAyNTYAAABBBD8mQAdf9mJQqq/hke0yOfamiC4sSyIHcPoq3kzKlUhAKtPxpAOWRbhZSke0lOtHe9J3LYuJyAor1f234qhMAhs= root@ubuntu-xenial
ssh-ed25519 AAAAC3NzaC1lZDI1NTE5AAAAIIer2iCu0SJW9gs9ZuCfomTsPaW/xWlkkdjvCT8uSMyY root@ubuntu-xenial
ssh-rsa AAAAB3NzaC1yc2EAAAADAQABAAABAQD1mWC2Svm51hoAMs4JqnhTRnI8SmIq35NkP86s1aso//zEHly849Y4heZp76FfXvVZ2QY/zPrm6SPc4ezmvENeXiLXiwFKUMoPA7LErBlJIg7PbZZFfv3H95H/9MDOfL7Qty2KgBBLC6iE2Ij4sFw6NZCyvWWE9cGyYSvuHyQrgIOlGmD7rBF7oQXCRDT4n19H/WX6K/NM/sdvWoi2t2bvbDTqbykV5VIoNz9wqaWKYvg7qFoQNvHZNKqV2pnXlTtoc+x+3x2QqZHOi0xej9OrMAoJQi0lcEm6LtD1YJoCcpJ1gycB9m6jVT05tn6kuVou+9DHFT3neqXl/JEKyhs5 root@ubuntu-xenial
-----END SSH HOST KEY KEYS-----
[   28.240289] cloud-init[2194]: Cloud-init v. 20.3-2-g371b392c-0ubuntu1~16.04.1 running 'modules:final' at Mon, 04 Jan 2021 03:49:55 +0000. Up 28.05 seconds.
[   28.240594] cloud-init[2194]: ci-info: no authorized SSH keys fingerprints found for user ubuntu.
[   28.241183] cloud-init[2194]: Cloud-init v. 20.3-2-g371b392c-0ubuntu1~16.04.1 finished at Mon, 04 Jan 2021 03:49:55 +0000. Datasource DataSourceNoCloud [seed=/dev/sdb][dsmode=net].  Up 28.22 seconds
[[0;32m  OK  [0m] Started Execute cloud user/final scripts.
[[0;32m  OK  [0m] Reached target Cloud-init target.
